Determining if the pthread_create exist failed with the following output:
Change Dir: /home/icog2/Desktop/opencog-audiovisual/build/CMakeFiles/CMakeTmp

Run Build Command:/usr/bin/make "cmTryCompileExec354996325/fast"
/usr/bin/make -f CMakeFiles/cmTryCompileExec354996325.dir/build.make CMakeFiles/cmTryCompileExec354996325.dir/build
make[1]: Entering directory `/home/icog2/Desktop/opencog-audiovisual/build/CMakeFiles/CMakeTmp'
/usr/bin/cmake -E cmake_progress_report /home/icog2/Desktop/opencog-audiovisual/build/CMakeFiles/CMakeTmp/CMakeFiles 1
Building C object CMakeFiles/cmTryCompileExec354996325.dir/CheckSymbolExists.c.o
/usr/bin/cc    -o CMakeFiles/cmTryCompileExec354996325.dir/CheckSymbolExists.c.o   -c /home/icog2/Desktop/opencog-audiovisual/build/CMakeFiles/CMakeTmp/CheckSymbolExists.c
Linking C executable cmTryCompileExec354996325
/usr/bin/cmake -E cmake_link_script CMakeFiles/cmTryCompileExec354996325.dir/link.txt --verbose=1
/usr/bin/cc       CMakeFiles/cmTryCompileExec354996325.dir/CheckSymbolExists.c.o  -o cmTryCompileExec354996325 -rdynamic 
CMakeFiles/cmTryCompileExec354996325.dir/CheckSymbolExists.c.o: In function `main':
CheckSymbolExists.c:(.text+0x16): undefined reference to `pthread_create'
collect2: error: ld returned 1 exit status
make[1]: *** [cmTryCompileExec354996325] Error 1
make[1]: Leaving directory `/home/icog2/Desktop/opencog-audiovisual/build/CMakeFiles/CMakeTmp'
make: *** [cmTryCompileExec354996325/fast] Error 2

File /home/icog2/Desktop/opencog-audiovisual/build/CMakeFiles/CMakeTmp/CheckSymbolExists.c:
/* */
#include <pthread.h>

int main(int argc, char** argv)
{
  (void)argv;
#ifndef pthread_create
  return ((int*)(&pthread_create))[argc];
#else
  (void)argc;
  return 0;
#endif
}

Determining if the function pthread_create exists in the pthreads failed with the following output:
Change Dir: /home/icog2/Desktop/opencog-audiovisual/build/CMakeFiles/CMakeTmp

Run Build Command:/usr/bin/make "cmTryCompileExec4015549156/fast"
/usr/bin/make -f CMakeFiles/cmTryCompileExec4015549156.dir/build.make CMakeFiles/cmTryCompileExec4015549156.dir/build
make[1]: Entering directory `/home/icog2/Desktop/opencog-audiovisual/build/CMakeFiles/CMakeTmp'
/usr/bin/cmake -E cmake_progress_report /home/icog2/Desktop/opencog-audiovisual/build/CMakeFiles/CMakeTmp/CMakeFiles 1
Building C object CMakeFiles/cmTryCompileExec4015549156.dir/CheckFunctionExists.c.o
/usr/bin/cc   -DCHECK_FUNCTION_EXISTS=pthread_create   -o CMakeFiles/cmTryCompileExec4015549156.dir/CheckFunctionExists.c.o   -c /usr/share/cmake-2.8/Modules/CheckFunctionExists.c
Linking C executable cmTryCompileExec4015549156
/usr/bin/cmake -E cmake_link_script CMakeFiles/cmTryCompileExec4015549156.dir/link.txt --verbose=1
/usr/bin/cc   -DCHECK_FUNCTION_EXISTS=pthread_create    CMakeFiles/cmTryCompileExec4015549156.dir/CheckFunctionExists.c.o  -o cmTryCompileExec4015549156 -rdynamic -lpthreads 
/usr/bin/ld: cannot find -lpthreads
collect2: error: ld returned 1 exit status
make[1]: *** [cmTryCompileExec4015549156] Error 1
make[1]: Leaving directory `/home/icog2/Desktop/opencog-audiovisual/build/CMakeFiles/CMakeTmp'
make: *** [cmTryCompileExec4015549156/fast] Error 2


